2024-04-22 15:33:07.298 [info] Log level: Info
2024-04-22 15:33:07.298 [info] Validating found git in: "git"
2024-04-22 15:33:07.298 [info] Using git "2.39.2" from "git"
2024-04-22 15:33:07.312 [info] > git rev-parse --show-toplevel [10ms]
2024-04-22 15:33:07.312 [info] fatal: detected dubious ownership in repository at '/root'
To add an exception for this directory, call:

	git config --global --add safe.directory /root
2024-04-22 15:33:07.328 [info] > git rev-parse --show-toplevel [1ms]
2024-04-22 15:33:07.328 [info] fatal: detected dubious ownership in repository at '/root'
To add an exception for this directory, call:

	git config --global --add safe.directory /root
2024-04-22 15:33:07.462 [info] > git rev-parse --show-toplevel [124ms]
2024-04-22 15:33:07.462 [info] fatal: detected dubious ownership in repository at '/root'
To add an exception for this directory, call:

	git config --global --add safe.directory /root
2024-04-22 15:33:07.536 [info] > git rev-parse --show-toplevel [58ms]
2024-04-22 15:33:07.537 [info] fatal: detected dubious ownership in repository at '/root'
To add an exception for this directory, call:

	git config --global --add safe.directory /root
2024-04-22 15:33:07.555 [info] > git rev-parse --show-toplevel [3ms]
2024-04-22 15:33:07.555 [info] fatal: detected dubious ownership in repository at '/root'
To add an exception for this directory, call:

	git config --global --add safe.directory /root
2024-04-22 15:33:08.237 [info] > git rev-parse --show-toplevel [4ms]
2024-04-22 15:33:08.237 [info] fatal: detected dubious ownership in repository at '/root'
To add an exception for this directory, call:

	git config --global --add safe.directory /root
2024-04-22 15:33:26.233 [info] > git rev-parse --show-toplevel [8ms]
2024-04-22 15:33:26.233 [info] fatal: detected dubious ownership in repository at '/root'
To add an exception for this directory, call:

	git config --global --add safe.directory /root
2024-04-22 15:33:37.743 [info] > git rev-parse --show-toplevel [10ms]
2024-04-22 15:33:37.743 [info] fatal: detected dubious ownership in repository at '/root'
To add an exception for this directory, call:

	git config --global --add safe.directory /root
2024-04-22 15:33:39.383 [info] > git rev-parse --show-toplevel [2ms]
2024-04-22 15:33:39.383 [info] fatal: detected dubious ownership in repository at '/root'
To add an exception for this directory, call:

	git config --global --add safe.directory /root
2024-04-22 15:33:39.669 [info] > git rev-parse --show-toplevel [2ms]
2024-04-22 15:33:39.669 [info] fatal: detected dubious ownership in repository at '/root'
To add an exception for this directory, call:

	git config --global --add safe.directory /root
2024-04-22 15:54:03.980 [info] > git rev-parse --show-toplevel [9ms]
2024-04-22 15:54:03.980 [info] fatal: detected dubious ownership in repository at '/root'
To add an exception for this directory, call:

	git config --global --add safe.directory /root
2024-04-22 15:55:43.615 [info] > git rev-parse --show-toplevel [7ms]
2024-04-22 15:55:43.615 [info] fatal: detected dubious ownership in repository at '/root'
To add an exception for this directory, call:

	git config --global --add safe.directory /root
2024-04-22 15:55:48.267 [info] > git rev-parse --show-toplevel [4ms]
2024-04-22 15:55:48.267 [info] fatal: detected dubious ownership in repository at '/root'
To add an exception for this directory, call:

	git config --global --add safe.directory /root
2024-04-22 15:56:56.706 [info] > git rev-parse --show-toplevel [3ms]
2024-04-22 15:56:56.706 [info] fatal: detected dubious ownership in repository at '/root'
To add an exception for this directory, call:

	git config --global --add safe.directory /root
2024-04-22 16:00:34.501 [info] > git rev-parse --show-toplevel [1ms]
2024-04-22 16:00:34.501 [info] fatal: detected dubious ownership in repository at '/root'
To add an exception for this directory, call:

	git config --global --add safe.directory /root
2024-04-22 16:00:38.911 [info] > git rev-parse --show-toplevel [1ms]
2024-04-22 16:00:38.911 [info] fatal: detected dubious ownership in repository at '/root'
To add an exception for this directory, call:

	git config --global --add safe.directory /root
2024-04-22 16:00:58.844 [info] > git rev-parse --show-toplevel [1ms]
2024-04-22 16:00:58.844 [info] fatal: detected dubious ownership in repository at '/root'
To add an exception for this directory, call:

	git config --global --add safe.directory /root
